<?xml version="1.0" encoding="UTF-8"?>
<!-- Generated by org.testng.reporters.JUnitReportReporter -->
<testsuite skipped="0" hostname="DESKTOP-D7PUHMF" name="com.tests.TestHelloExample" tests="1" failures="0" timestamp="19 Jul 2018 16:44:39 GMT" time="0.086" errors="0">
  <testcase name="runMe" time="0.086" classname="com.tests.TestHelloExample"/>
</testsuite> <!-- com.tests.TestHelloExample -->
