<?xml version="1.0" encoding="UTF-8"?>
<!-- Generated by org.testng.reporters.JUnitReportReporter -->
<testsuite hostname="DESKTOP-D7PUHMF" failures="0" tests="1" name="com.tests.TestHelloExample" time="0.303" errors="0" timestamp="2020-01-12T18:15:56 IST" skipped="0">
  <testcase classname="com.tests.TestHelloExample" name="runMe" time="0.303"/>
</testsuite> <!-- com.tests.TestHelloExample -->
